生成启动时间为 2018/12/5 11:38:20。
     1>项目“D:\VS Files\numerics\numerics\numerics.vcxproj”在节点 2 上(Build 个目标)。
     1>ClCompile:
         C:\Program Files (x86)\Microsoft Visual Studio 12.0\VC\bin\CL.exe /c /ZI /nologo /W3 /WX- /sdl /Od /Oy- /D _MBCS /Gm /EHsc /RTC1 /MDd /GS /fp:precise /Zc:wchar_t /Zc:forScope /Fo"Debug\\" /Fd"Debug\vc120.pdb" /Gd /TP /analyze- /errorReport:prompt main.cpp operate.cpp parse.cpp
         parse.cpp
     1>d:\vs files\numerics\numerics\parse.cpp(85): warning C4018: “<”: 有符号/无符号不匹配
     1>d:\vs files\numerics\numerics\parse.cpp(178): warning C4018: “<”: 有符号/无符号不匹配
     1>d:\vs files\numerics\numerics\parse.cpp(201): warning C4018: “<”: 有符号/无符号不匹配
     1>d:\vs files\numerics\numerics\parse.cpp(244): warning C4018: “<”: 有符号/无符号不匹配
     1>d:\vs files\numerics\numerics\parse.cpp(289): warning C4018: “<”: 有符号/无符号不匹配
     1>d:\vs files\numerics\numerics\parse.cpp(362): warning C4018: “<”: 有符号/无符号不匹配
     1>d:\vs files\numerics\numerics\parse.cpp(388): warning C4018: “<”: 有符号/无符号不匹配
     1>d:\vs files\numerics\numerics\parse.cpp(397): warning C4018: “<”: 有符号/无符号不匹配
     1>d:\vs files\numerics\numerics\parse.cpp(414): warning C4018: “<”: 有符号/无符号不匹配
     1>d:\vs files\numerics\numerics\parse.cpp(441): warning C4018: “<”: 有符号/无符号不匹配
     1>d:\vs files\numerics\numerics\parse.cpp(452): warning C4018: “<”: 有符号/无符号不匹配
     1>d:\vs files\numerics\numerics\parse.cpp(478): warning C4018: “<”: 有符号/无符号不匹配
     1>d:\vs files\numerics\numerics\parse.cpp(488): warning C4018: “<”: 有符号/无符号不匹配
         operate.cpp
     1>d:\vs files\numerics\numerics\operate.cpp(70): warning C4018: “<”: 有符号/无符号不匹配
     1>d:\vs files\numerics\numerics\operate.cpp(84): warning C4018: “<”: 有符号/无符号不匹配
     1>d:\vs files\numerics\numerics\operate.cpp(90): warning C4018: “<”: 有符号/无符号不匹配
     1>d:\vs files\numerics\numerics\operate.cpp(154): warning C4018: “<”: 有符号/无符号不匹配
     1>d:\vs files\numerics\numerics\operate.cpp(162): warning C4018: “<”: 有符号/无符号不匹配
     1>d:\vs files\numerics\numerics\operate.cpp(182): warning C4018: “<”: 有符号/无符号不匹配
     1>d:\vs files\numerics\numerics\operate.cpp(193): warning C4018: “<”: 有符号/无符号不匹配
         main.cpp
         正在生成代码...
     1>d:\vs files\numerics\numerics\operate.cpp(63): warning C4715: “Operate::getValue”: 不是所有的控件路径都返回值
       Link:
         C:\Program Files (x86)\Microsoft Visual Studio 12.0\VC\bin\link.exe /ERRORREPORT:PROMPT /OUT:"D:\VS Files\numerics\Debug\numerics.exe" /INCREMENTAL /NOLOGO kernel32.lib user32.lib gdi32.lib winspool.lib comdlg32.lib advapi32.lib shell32.lib ole32.lib oleaut32.lib uuid.lib odbc32.lib odbccp32.lib /MANIFEST /MANIFESTUAC:"level='asInvoker' uiAccess='false'" /manifest:embed /DEBUG /PDB:"D:\VS Files\numerics\Debug\numerics.pdb" /TLBID:1 /DYNAMICBASE /NXCOMPAT /IMPLIB:"D:\VS Files\numerics\Debug\numerics.lib" /MACHINE:X86 Debug\main.obj
         Debug\operate.obj
         Debug\parse.obj
         numerics.vcxproj -> D:\VS Files\numerics\Debug\numerics.exe
     1>已完成生成项目“D:\VS Files\numerics\numerics\numerics.vcxproj”(Build 个目标)的操作。

生成成功。

已用时间 00:00:02.53
